<?xml version="1.0" encoding="UTF-8"?>
<testng-results skipped="0" failed="0" ignored="0" total="1" passed="1">
  <reporter-output>
  </reporter-output>
  <suite name="Default suite" duration-ms="12872" started-at="2021-01-30T21:26:47Z" finished-at="2021-01-30T21:27:00Z">
    <groups>
    </groups>
    <test name="Default test" duration-ms="12872" started-at="2021-01-30T21:26:47Z" finished-at="2021-01-30T21:27:00Z">
      <class name="com.Assignment.Fourth.NewTest">
        <test-method status="PASS" signature="beforeTest()[pri:0, instance:com.Assignment.Fourth.NewTest@27efef64]" name="beforeTest" is-config="true" duration-ms="12839" started-at="2021-01-30T21:26:47Z" finished-at="2021-01-30T21:27:00Z">
          <reporter-output>
          </reporter-output>
        </test-method> <!-- beforeTest -->
        <test-method status="PASS" signature="beforeMethod()[pri:0, instance:com.Assignment.Fourth.NewTest@27efef64]" name="beforeMethod" is-config="true" duration-ms="1" started-at="2021-01-30T21:27:00Z" finished-at="2021-01-30T21:27:00Z">
          <reporter-output>
          </reporter-output>
        </test-method> <!-- beforeMethod -->
        <test-method status="PASS" signature="f()[pri:0, instance:com.Assignment.Fourth.NewTest@27efef64]" name="f" duration-ms="7" started-at="2021-01-30T21:27:00Z" finished-at="2021-01-30T21:27:00Z">
          <reporter-output>
          </reporter-output>
        </test-method> <!-- f -->
        <test-method status="PASS" signature="afterMethod()[pri:0, instance:com.Assignment.Fourth.NewTest@27efef64]" name="afterMethod" is-config="true" duration-ms="0" started-at="2021-01-30T21:27:00Z" finished-at="2021-01-30T21:27:00Z">
          <reporter-output>
          </reporter-output>
        </test-method> <!-- afterMethod -->
        <test-method status="PASS" signature="afterTest()[pri:0, instance:com.Assignment.Fourth.NewTest@27efef64]" name="afterTest" is-config="true" duration-ms="0" started-at="2021-01-30T21:27:00Z" finished-at="2021-01-30T21:27:00Z">
          <reporter-output>
          </reporter-output>
        </test-method> <!-- afterTest -->
      </class> <!-- com.Assignment.Fourth.NewTest -->
    </test> <!-- Default test -->
  </suite> <!-- Default suite -->
</testng-results>
